<?xml version="1.0" encoding="UTF-8"?>
<!-- Generated by org.testng.reporters.JUnitReportReporter -->
<testsuite hostname="SAHILADEVI" failures="0" tests="1" name="selenium_testng.SoftAssertionMethod" time="6.466" errors="0" timestamp="2024-06-20T17:40:22 EDT" skipped="0">
  <testcase classname="selenium_testng.SoftAssertionMethod" name="login" time="6.466"/>
  <system-out/>
</testsuite> <!-- selenium_testng.SoftAssertionMethod -->
