<?xml version="1.0" encoding="UTF-8"?>
<!-- Generated by org.testng.reporters.JUnitReportReporter -->
<testsuite hostname="SAHILADEVI" failures="0" tests="3" name="selenium_testng.TestClassWithBeforeAndAfterMethodForMultipleMethods" time="0.018" errors="0" timestamp="2024-06-18T12:17:25 EDT" skipped="0">
  <testcase classname="selenium_testng.TestClassWithBeforeAndAfterMethodForMultipleMethods" name="addUser" time="0.004"/>
  <system-out>
    <![CDATA[User Added]]>
  </system-out>
  <testcase classname="selenium_testng.TestClassWithBeforeAndAfterMethodForMultipleMethods" name="deleteUser" time="0.002"/>
  <system-out>
    <![CDATA[User deleted]]>
  </system-out>
  <testcase classname="selenium_testng.TestClassWithBeforeAndAfterMethodForMultipleMethods" name="modifyUser" time="0.012"/>
  <system-out>
    <![CDATA[User Details Modified]]>
  </system-out>
</testsuite> <!-- selenium_testng.TestClassWithBeforeAndAfterMethodForMultipleMethods -->
