<?xml version="1.0" encoding="UTF-8"?>
<!-- Generated by org.testng.reporters.JUnitReportReporter -->
<testsuite hostname="SAHILADEVI" failures="0" tests="3" name="testng_with_different_way_passingvalues.FacebookLoginusingDataProvider" time="13.899" errors="0" timestamp="2024-06-21T12:33:48 EDT" skipped="0">
  <testcase classname="testng_with_different_way_passingvalues.FacebookLoginusingDataProvider" name="getDataFromDataProvider" time="4.368"/>
  <system-out/>
  <testcase classname="testng_with_different_way_passingvalues.FacebookLoginusingDataProvider" name="getDataFromDataProvider" time="5.193"/>
  <system-out/>
  <testcase classname="testng_with_different_way_passingvalues.FacebookLoginusingDataProvider" name="getDataFromDataProvider" time="4.338"/>
  <system-out/>
</testsuite> <!-- testng_with_different_way_passingvalues.FacebookLoginusingDataProvider -->
