<?xml version="1.0" encoding="UTF-8"?>
<!-- Generated by org.testng.reporters.JUnitReportReporter -->
<testsuite hostname="SAHILADEVI" failures="0" tests="2" name="selenium_testng.TestClassWithMultipleMethodsUsingDependsOnMethods" time="0.012" errors="0" timestamp="2024-06-18T10:57:01 EDT" skipped="0">
  <testcase classname="selenium_testng.TestClassWithMultipleMethodsUsingDependsOnMethods" name="contactList" time="0.010"/>
  <system-out>
    <![CDATA[Contact added to the List]]>
  </system-out>
  <testcase classname="selenium_testng.TestClassWithMultipleMethodsUsingDependsOnMethods" name="chat" time="0.002"/>
  <system-out>
    <![CDATA[chat enabled]]>
  </system-out>
</testsuite> <!-- selenium_testng.TestClassWithMultipleMethodsUsingDependsOnMethods -->
