<?xml version="1.0" encoding="UTF-8"?>
<!-- Generated by org.testng.reporters.JUnitReportReporter -->
<testsuite hostname="SAHILADEVI" failures="0" tests="3" name="selenium_testng.TestNGDataProvider" time="0.007" errors="0" timestamp="2024-06-18T15:31:25 EDT" skipped="0">
  <testcase classname="selenium_testng.TestNGDataProvider" name="login" time="0.005"/>
  <system-out>
    <![CDATA[admin1
manager1]]>
  </system-out>
  <testcase classname="selenium_testng.TestNGDataProvider" name="login" time="0.001"/>
  <system-out>
    <![CDATA[admin3
manager3]]>
  </system-out>
  <testcase classname="selenium_testng.TestNGDataProvider" name="login" time="0.001"/>
  <system-out>
    <![CDATA[admin2
manager2]]>
  </system-out>
</testsuite> <!-- selenium_testng.TestNGDataProvider -->
