<?xml version="1.0" encoding="UTF-8"?>
<!-- Generated by org.testng.reporters.JUnitReportReporter -->
<testsuite hostname="SAHILADEVI" failures="0" tests="3" name="selenium_testng.TestClassWithMultipleMethodsUsingPriority" time="0.002" errors="0" timestamp="2024-06-18T10:57:01 EDT" skipped="0">
  <testcase classname="selenium_testng.TestClassWithMultipleMethodsUsingPriority" name="createAccount" time="0.001"/>
  <system-out>
    <![CDATA[Create Account]]>
  </system-out>
  <testcase classname="selenium_testng.TestClassWithMultipleMethodsUsingPriority" name="editAccount" time="0.000"/>
  <system-out>
    <![CDATA[Edit Account]]>
  </system-out>
  <testcase classname="selenium_testng.TestClassWithMultipleMethodsUsingPriority" name="deleteAccount" time="0.001"/>
  <system-out>
    <![CDATA[Delete Account]]>
  </system-out>
</testsuite> <!-- selenium_testng.TestClassWithMultipleMethodsUsingPriority -->
