<?xml version="1.0" encoding="UTF-8"?>
<!-- Generated by org.testng.reporters.JUnitReportReporter -->
<testsuite hostname="SAHILADEVI" failures="0" tests="3" name="selenium_testng.TestClassWithMultipleMethods" time="0.009" errors="0" timestamp="2024-06-18T10:57:01 EDT" skipped="0">
  <testcase classname="selenium_testng.TestClassWithMultipleMethods" name="createAccount" time="0.002"/>
  <system-out>
    <![CDATA[Create Account]]>
  </system-out>
  <testcase classname="selenium_testng.TestClassWithMultipleMethods" name="deleteAccount" time="0.004"/>
  <system-out>
    <![CDATA[Delete Account]]>
  </system-out>
  <testcase classname="selenium_testng.TestClassWithMultipleMethods" name="editAccount" time="0.003"/>
  <system-out>
    <![CDATA[Edit Account]]>
  </system-out>
</testsuite> <!-- selenium_testng.TestClassWithMultipleMethods -->
