<?xml version="1.0" encoding="UTF-8"?>
<!-- Generated by org.testng.reporters.JUnitReportReporter -->
<testsuite hostname="SAHILADEVI" failures="0" tests="4" name="testng_with_different_way_passingvalues.FacebookLoginUsingExcelValues" time="19.409" errors="0" timestamp="2024-06-21T13:02:56 EDT" skipped="0">
  <testcase classname="testng_with_different_way_passingvalues.FacebookLoginUsingExcelValues" name="getDataFromDataProvider" time="5.870"/>
  <system-out/>
  <testcase classname="testng_with_different_way_passingvalues.FacebookLoginUsingExcelValues" name="getDataFromDataProvider" time="4.414"/>
  <system-out/>
  <testcase classname="testng_with_different_way_passingvalues.FacebookLoginUsingExcelValues" name="getDataFromDataProvider" time="4.642"/>
  <system-out/>
  <testcase classname="testng_with_different_way_passingvalues.FacebookLoginUsingExcelValues" name="getDataFromDataProvider" time="4.483"/>
  <system-out/>
</testsuite> <!-- testng_with_different_way_passingvalues.FacebookLoginUsingExcelValues -->
