<?xml version="1.0" encoding="UTF-8"?>
<!-- Generated by org.testng.reporters.JUnitReportReporter -->
<testsuite hostname="SAHILADEVI" failures="0" tests="1" name="selenium_testng.ParameterAnnotationAtSuiteLevel" time="5.501" errors="0" timestamp="2024-06-20T09:25:53 EDT" skipped="0">
  <testcase classname="selenium_testng.ParameterAnnotationAtSuiteLevel" name="testLogin" time="5.501"/>
  <system-out/>
</testsuite> <!-- selenium_testng.ParameterAnnotationAtSuiteLevel -->
