<?xml version="1.0" encoding="UTF-8"?>
<!-- Generated by org.testng.reporters.JUnitReportReporter -->
<testsuite hostname="SAHILADEVI" failures="0" tests="1" name="testng_with_different_way_passingvalues.FacebookLoginWithHardCodeValue" time="3.384" errors="0" timestamp="2024-06-21T12:24:26 EDT" skipped="0">
  <testcase classname="testng_with_different_way_passingvalues.FacebookLoginWithHardCodeValue" name="login" time="3.384"/>
  <system-out/>
</testsuite> <!-- testng_with_different_way_passingvalues.FacebookLoginWithHardCodeValue -->
