<?xml version="1.0" encoding="UTF-8"?>
<!-- Generated by org.testng.reporters.JUnitReportReporter -->
<testsuite hostname="SAHILADEVI" failures="0" tests="1" name="selenium_testng.SignUpTestClass" time="0.005" errors="0" timestamp="2024-06-18T15:07:17 EDT" skipped="0">
  <testcase classname="selenium_testng.SignUpTestClass" name="signUp" time="0.005"/>
  <system-out>
    <![CDATA[Application SignUp]]>
  </system-out>
</testsuite> <!-- selenium_testng.SignUpTestClass -->
