<?xml version="1.0" encoding="UTF-8"?>
<!-- Generated by org.testng.reporters.JUnitReportReporter -->
<testsuite hostname="SAHILADEVI" failures="0" tests="1" name="selenium_testng.TestClassWithBeforeAndAfterMethod" time="0.016" errors="0" timestamp="2024-06-18T12:15:06 EDT" skipped="0">
  <testcase classname="selenium_testng.TestClassWithBeforeAndAfterMethod" name="addUser" time="0.016"/>
  <system-out>
    <![CDATA[User Added]]>
  </system-out>
</testsuite> <!-- selenium_testng.TestClassWithBeforeAndAfterMethod -->
