<?xml version="1.0" encoding="UTF-8"?>
<!-- Generated by org.testng.reporters.JUnitReportReporter -->
<testsuite hostname="SAHILADEVI" failures="0" tests="2" name="selenium_testng.TestClassWithMultipleMethodsUsingDependsOnGroups" time="0.008" errors="0" timestamp="2024-06-18T11:46:00 EDT" skipped="0">
  <testcase classname="selenium_testng.TestClassWithMultipleMethodsUsingDependsOnGroups" name="test3" time="0.006"/>
  <system-out>
    <![CDATA[Test3]]>
  </system-out>
  <testcase classname="selenium_testng.TestClassWithMultipleMethodsUsingDependsOnGroups" name="test1" time="0.002"/>
  <system-out>
    <![CDATA[Test1]]>
  </system-out>
</testsuite> <!-- selenium_testng.TestClassWithMultipleMethodsUsingDependsOnGroups -->
